<?xml version="1.0" encoding="UTF-8"?>
<!-- Generated by org.testng.reporters.JUnitXMLReporter -->
<testsuite hostname="Andrews-MBP.local.tld" ignored="0" name="All Tests" tests="6" failures="0" timestamp="2023-02-04T15:31:16 CST" time="66.591" errors="0">
  <testcase name="validateTitleAndURL" time="0.269" classname="scripts.CarvanaHomePageTest"/>
  <testcase name="validateLogo" time="0.215" classname="scripts.CarvanaHomePageTest"/>
  <testcase name="validateMainSectionNavigationItems" time="1.418" classname="scripts.CarvanaHomePageTest"/>
  <testcase name="ValidateSignInErrorMessage" time="2.181" classname="scripts.CarvanaHomePageTest"/>
  <testcase name="validateFilterOptions" time="6.417" classname="scripts.CarvanaHomePageTest"/>
  <testcase name="validateSearchResultTiles" time="17.031" classname="scripts.CarvanaHomePageTest"/>
</testsuite> <!-- All Tests -->
